# JRE version: OpenJDK Runtime Environment (11.0.4+11) (build 11.0.4+11-post-Ubuntu-1ubuntu219.04)
# Java VM: OpenJDK 64-Bit Server VM (11.0.4+11-post-Ubuntu-1ubuntu219.04, mixed mode, sharing, tiered, compressed oops, g1 gc, linux-amd64)
Heap:
 garbage-first heap   total 183296K, used 65647K [0x0000000089800000, 0x0000000100000000)
  region size 1024K, 46 young (47104K), 8 survivors (8192K)
 Metaspace       used 9207K, capacity 9499K, committed 9728K, reserved 1058816K
  class space    used 817K, capacity 914K, committed 1024K, reserved 1048576K
GC Heap History (10 events):
Event: 2.935 GC heap before
{Heap before GC invocations=7 (full 0):
 garbage-first heap   total 124928K, used 93682K [0x0000000089800000, 0x0000000100000000)
  region size 1024K, 72 young (73728K), 3 survivors (3072K)
 Metaspace       used 9075K, capacity 9306K, committed 9728K, reserved 1058816K
  class space    used 817K, capacity 914K, committed 1024K, reserved 1048576K
}
Event: 2.937 GC heap after
{Heap after GC invocations=8 (full 0):
 garbage-first heap   total 124928K, used 21615K [0x0000000089800000, 0x0000000100000000)
  region size 1024K, 4 young (4096K), 4 survivors (4096K)
 Metaspace       used 9075K, capacity 9306K, committed 9728K, reserved 1058816K
  class space    used 817K, capacity 914K, committed 1024K, reserved 1048576K
}
Event: 3.050 GC heap before
{Heap before GC invocations=8 (full 0):
 garbage-first heap   total 124928K, used 92271K [0x0000000089800000, 0x0000000100000000)
  region size 1024K, 72 young (73728K), 4 survivors (4096K)
 Metaspace       used 9097K, capacity 9370K, committed 9728K, reserved 1058816K
  class space    used 817K, capacity 914K, committed 1024K, reserved 1048576K
}
Event: 3.054 GC heap after
{Heap after GC invocations=9 (full 0):
 garbage-first heap   total 124928K, used 25053K [0x0000000089800000, 0x0000000100000000)
  region size 1024K, 5 young (5120K), 5 survivors (5120K)
 Metaspace       used 9097K, capacity 9370K, committed 9728K, reserved 1058816K
  class space    used 817K, capacity 914K, committed 1024K, reserved 1048576K
}
Event: 3.246 GC heap before
{Heap before GC invocations=9 (full 0):
 garbage-first heap   total 124928K, used 95709K [0x0000000089800000, 0x0000000100000000)
  region size 1024K, 72 young (73728K), 5 survivors (5120K)
 Metaspace       used 9161K, capacity 9435K, committed 9728K, reserved 1058816K
  class space    used 817K, capacity 914K, committed 1024K, reserved 1048576K
}
Event: 3.250 GC heap after
{Heap after GC invocations=10 (full 0):
 garbage-first heap   total 183296K, used 22882K [0x0000000089800000, 0x0000000100000000)
  region size 1024K, 5 young (5120K), 5 survivors (5120K)
 Metaspace       used 9161K, capacity 9435K, committed 9728K, reserved 1058816K
  class space    used 817K, capacity 914K, committed 1024K, reserved 1048576K
}
Event: 3.427 GC heap before
{Heap before GC invocations=10 (full 0):
 garbage-first heap   total 183296K, used 127330K [0x0000000089800000, 0x0000000100000000)
  region size 1024K, 105 young (107520K), 5 survivors (5120K)
 Metaspace       used 9172K, capacity 9435K, committed 9728K, reserved 1058816K
  class space    used 817K, capacity 914K, committed 1024K, reserved 1048576K
}
Event: 3.431 GC heap after
{Heap after GC invocations=11 (full 0):
 garbage-first heap   total 183296K, used 26735K [0x0000000089800000, 0x0000000100000000)
  region size 1024K, 7 young (7168K), 7 survivors (7168K)
 Metaspace       used 9172K, capacity 9435K, committed 9728K, reserved 1058816K
  class space    used 817K, capacity 914K, committed 1024K, reserved 1048576K
}
Event: 3.614 GC heap before
{Heap before GC invocations=11 (full 0):
 garbage-first heap   total 183296K, used 133231K [0x0000000089800000, 0x0000000100000000)
  region size 1024K, 107 young (109568K), 7 survivors (7168K)
 Metaspace       used 9207K, capacity 9499K, committed 9728K, reserved 1058816K
  class space    used 817K, capacity 914K, committed 1024K, reserved 1048576K
}
Event: 3.617 GC heap after
{Heap after GC invocations=12 (full 0):
 garbage-first heap   total 183296K, used 27759K [0x0000000089800000, 0x0000000100000000)
  region size 1024K, 8 young (8192K), 8 survivors (8192K)
 Metaspace       used 9207K, capacity 9499K, committed 9728K, reserved 1058816K
  class space    used 817K, capacity 914K, committed 1024K, reserved 1048576K
}

